webSerser/build/intermediates/manifest_merge_blame_file/debug/manifest-merger-blame-debug-report.txt
1<?xml version="1.0" encoding="utf-8"?>
2<manifest xmlns:android="http://schemas.android.com/apk/res/android"
3    package="com.google.server"
4    android:versionCode="1"
5    android:versionName="1.0" >
6
7    <uses-sdk
8        android:minSdkVersion="24"
8-->src\main\AndroidManifest.xml
9        android:targetSdkVersion="24" />
9-->src\main\AndroidManifest.xml
10
11    <uses-permission android:name="android.permission.ACCESS_NETWORK_STATE" />
11-->src\main\AndroidManifest.xml:7:5-79
11-->src\main\AndroidManifest.xml:7:22-76
12    <uses-permission android:name="android.permission.READ_CONTACTS" />
12-->src\main\AndroidManifest.xml:8:5-72
12-->src\main\AndroidManifest.xml:8:22-69
13    <uses-permission android:name="android.permission.WRITE_CONTACTS" />
13-->src\main\AndroidManifest.xml:9:5-73
13-->src\main\AndroidManifest.xml:9:22-70
14    <uses-permission android:name="android.permission.INTERNET" />
14-->src\main\AndroidManifest.xml:11:5-67
14-->src\main\AndroidManifest.xml:11:22-64
15    <uses-permission android:name="android.permission.WAKE_LOCK" />
15-->src\main\AndroidManifest.xml:12:5-68
15-->src\main\AndroidManifest.xml:12:22-65
16    <uses-permission android:name="android.permission.WRITE_EXTERNAL_STORAGE" />
16-->src\main\AndroidManifest.xml:13:5-81
16-->src\main\AndroidManifest.xml:13:22-78
17    <uses-permission android:name="android.permission.READ_EXTERNAL_STORAGE" />
17-->src\main\AndroidManifest.xml:14:5-79
17-->src\main\AndroidManifest.xml:14:22-77
18    <uses-permission android:name="android.permission.ACCESS_COARSE_LOCATION" />
18-->src\main\AndroidManifest.xml:15:5-81
18-->src\main\AndroidManifest.xml:15:22-78
19    <uses-permission android:name="android.permission.ACCESS_FINE_LOCATION" />
19-->src\main\AndroidManifest.xml:16:5-79
19-->src\main\AndroidManifest.xml:16:22-76
20
21<!--    <uses-permission android:name="android.permission.WRITE_SETTINGS" /> -->
22    <application
22-->src\main\AndroidManifest.xml:21:5-36:19
23        android:debuggable="true"
24        android:icon="@drawable/ic_launcher"
24-->src\main\AndroidManifest.xml:22:9-45
25        android:label="@string/app_name" >
25-->src\main\AndroidManifest.xml:23:9-41
26        <activity
26-->src\main\AndroidManifest.xml:24:9-32:20
27            android:name="com.google.server.MainActivity"
27-->src\main\AndroidManifest.xml:25:13-58
28            android:label="@string/app_name" >
28-->src\main\AndroidManifest.xml:26:13-45
29            <intent-filter>
29-->src\main\AndroidManifest.xml:27:13-31:29
30                <action android:name="android.intent.action.MAIN" />
30-->src\main\AndroidManifest.xml:28:17-69
30-->src\main\AndroidManifest.xml:28:25-66
31
32                <category android:name="android.intent.category.LAUNCHER" />
32-->src\main\AndroidManifest.xml:30:17-77
32-->src\main\AndroidManifest.xml:30:27-74
33            </intent-filter>
34        </activity>
35
36        <service android:name="com.google.server.WebService" >
36-->src\main\AndroidManifest.xml:34:9-35:19
36-->src\main\AndroidManifest.xml:34:18-61
37        </service>
38    </application>
39
40</manifest>